INFO - 2023-05-22 07:30:47 --> Session: Class initialized using 'CodeIgniter\Session\Handlers\FileHandler' driver.
INFO - 2023-05-22 07:30:51 --> Session: Class initialized using 'CodeIgniter\Session\Handlers\FileHandler' driver.
CRITICAL - 2023-05-22 07:30:51 --> Undefined variable $listado_facultades
in APPPATH\Views\edit_investigadores.php on line 12.
 1 APPPATH\Views\edit_investigadores.php(12): CodeIgniter\Debug\Exceptions->errorHandler(2, 'Undefined variable $listado_facultades', 'C:\\xampp\\htdocs\\codeigniter4_hola_mundo\\app\\Views\\edit_investigadores.php', 12)
 2 SYSTEMPATH\View\View.php(213): include('C:\\xampp\\htdocs\\codeigniter4_hola_mundo\\app\\Views\\edit_investigadores.php')
 3 SYSTEMPATH\View\View.php(216): CodeIgniter\View\View->CodeIgniter\View\{closure}()
 4 SYSTEMPATH\Common.php(1184): CodeIgniter\View\View->render('edit_investigadores', [], true)
 5 APPPATH\Controllers\ControllerInvestigadores.php(74): view('edit_investigadores', [...])
 6 SYSTEMPATH\CodeIgniter.php(934): App\Controllers\ControllerInvestigadores->edit('12345678Z')
 7 SYSTEMPATH\CodeIgniter.php(499): CodeIgniter\CodeIgniter->runController(Object(App\Controllers\ControllerInvestigadores))
 8 SYSTEMPATH\CodeIgniter.php(368): CodeIgniter\CodeIgniter->handleRequest(null, Object(Config\Cache), false)
 9 FCPATH\index.php(68): CodeIgniter\CodeIgniter->run()
INFO - 2023-05-22 07:31:37 --> Session: Class initialized using 'CodeIgniter\Session\Handlers\FileHandler' driver.
CRITICAL - 2023-05-22 07:31:37 --> Undefined variable $listado_facultad
in APPPATH\Views\edit_investigadores.php on line 12.
 1 APPPATH\Views\edit_investigadores.php(12): CodeIgniter\Debug\Exceptions->errorHandler(2, 'Undefined variable $listado_facultad', 'C:\\xampp\\htdocs\\codeigniter4_hola_mundo\\app\\Views\\edit_investigadores.php', 12)
 2 SYSTEMPATH\View\View.php(213): include('C:\\xampp\\htdocs\\codeigniter4_hola_mundo\\app\\Views\\edit_investigadores.php')
 3 SYSTEMPATH\View\View.php(216): CodeIgniter\View\View->CodeIgniter\View\{closure}()
 4 SYSTEMPATH\Common.php(1184): CodeIgniter\View\View->render('edit_investigadores', [], true)
 5 APPPATH\Controllers\ControllerInvestigadores.php(74): view('edit_investigadores', [...])
 6 SYSTEMPATH\CodeIgniter.php(934): App\Controllers\ControllerInvestigadores->edit('12345678Z')
 7 SYSTEMPATH\CodeIgniter.php(499): CodeIgniter\CodeIgniter->runController(Object(App\Controllers\ControllerInvestigadores))
 8 SYSTEMPATH\CodeIgniter.php(368): CodeIgniter\CodeIgniter->handleRequest(null, Object(Config\Cache), false)
 9 FCPATH\index.php(68): CodeIgniter\CodeIgniter->run()
INFO - 2023-05-22 07:31:58 --> Session: Class initialized using 'CodeIgniter\Session\Handlers\FileHandler' driver.
INFO - 2023-05-22 07:32:11 --> Session: Class initialized using 'CodeIgniter\Session\Handlers\FileHandler' driver.
INFO - 2023-05-22 07:32:26 --> Session: Class initialized using 'CodeIgniter\Session\Handlers\FileHandler' driver.
INFO - 2023-05-22 07:32:26 --> Session: Class initialized using 'CodeIgniter\Session\Handlers\FileHandler' driver.
INFO - 2023-05-22 07:32:38 --> Session: Class initialized using 'CodeIgniter\Session\Handlers\FileHandler' driver.
INFO - 2023-05-22 07:32:38 --> Session: Class initialized using 'CodeIgniter\Session\Handlers\FileHandler' driver.
INFO - 2023-05-22 07:32:41 --> Session: Class initialized using 'CodeIgniter\Session\Handlers\FileHandler' driver.
INFO - 2023-05-22 07:33:03 --> Session: Class initialized using 'CodeIgniter\Session\Handlers\FileHandler' driver.
INFO - 2023-05-22 07:33:17 --> Session: Class initialized using 'CodeIgniter\Session\Handlers\FileHandler' driver.
INFO - 2023-05-22 07:39:27 --> Session: Class initialized using 'CodeIgniter\Session\Handlers\FileHandler' driver.
INFO - 2023-05-22 07:39:30 --> Session: Class initialized using 'CodeIgniter\Session\Handlers\FileHandler' driver.
INFO - 2023-05-22 07:39:32 --> Session: Class initialized using 'CodeIgniter\Session\Handlers\FileHandler' driver.
INFO - 2023-05-22 07:39:48 --> Session: Class initialized using 'CodeIgniter\Session\Handlers\FileHandler' driver.
INFO - 2023-05-22 07:39:50 --> Session: Class initialized using 'CodeIgniter\Session\Handlers\FileHandler' driver.
CRITICAL - 2023-05-22 07:39:50 --> Undefined variable $listado_facultades
in APPPATH\Views\edit_investigadores.php on line 12.
 1 APPPATH\Views\edit_investigadores.php(12): CodeIgniter\Debug\Exceptions->errorHandler(2, 'Undefined variable $listado_facultades', 'C:\\xampp\\htdocs\\codeigniter4_hola_mundo\\app\\Views\\edit_investigadores.php', 12)
 2 SYSTEMPATH\View\View.php(213): include('C:\\xampp\\htdocs\\codeigniter4_hola_mundo\\app\\Views\\edit_investigadores.php')
 3 SYSTEMPATH\View\View.php(216): CodeIgniter\View\View->CodeIgniter\View\{closure}()
 4 SYSTEMPATH\Common.php(1184): CodeIgniter\View\View->render('edit_investigadores', [], true)
 5 APPPATH\Controllers\ControllerInvestigadores.php(74): view('edit_investigadores', [...])
 6 SYSTEMPATH\CodeIgniter.php(934): App\Controllers\ControllerInvestigadores->edit('12345678Z')
 7 SYSTEMPATH\CodeIgniter.php(499): CodeIgniter\CodeIgniter->runController(Object(App\Controllers\ControllerInvestigadores))
 8 SYSTEMPATH\CodeIgniter.php(368): CodeIgniter\CodeIgniter->handleRequest(null, Object(Config\Cache), false)
 9 FCPATH\index.php(68): CodeIgniter\CodeIgniter->run()
INFO - 2023-05-22 07:40:29 --> Session: Class initialized using 'CodeIgniter\Session\Handlers\FileHandler' driver.
CRITICAL - 2023-05-22 07:40:29 --> Undefined variable $listada_facultades
in APPPATH\Views\edit_investigadores.php on line 12.
 1 APPPATH\Views\edit_investigadores.php(12): CodeIgniter\Debug\Exceptions->errorHandler(2, 'Undefined variable $listada_facultades', 'C:\\xampp\\htdocs\\codeigniter4_hola_mundo\\app\\Views\\edit_investigadores.php', 12)
 2 SYSTEMPATH\View\View.php(213): include('C:\\xampp\\htdocs\\codeigniter4_hola_mundo\\app\\Views\\edit_investigadores.php')
 3 SYSTEMPATH\View\View.php(216): CodeIgniter\View\View->CodeIgniter\View\{closure}()
 4 SYSTEMPATH\Common.php(1184): CodeIgniter\View\View->render('edit_investigadores', [], true)
 5 APPPATH\Controllers\ControllerInvestigadores.php(74): view('edit_investigadores', [...])
 6 SYSTEMPATH\CodeIgniter.php(934): App\Controllers\ControllerInvestigadores->edit('12345678Z')
 7 SYSTEMPATH\CodeIgniter.php(499): CodeIgniter\CodeIgniter->runController(Object(App\Controllers\ControllerInvestigadores))
 8 SYSTEMPATH\CodeIgniter.php(368): CodeIgniter\CodeIgniter->handleRequest(null, Object(Config\Cache), false)
 9 FCPATH\index.php(68): CodeIgniter\CodeIgniter->run()
INFO - 2023-05-22 07:40:41 --> Session: Class initialized using 'CodeIgniter\Session\Handlers\FileHandler' driver.
INFO - 2023-05-22 07:40:48 --> Session: Class initialized using 'CodeIgniter\Session\Handlers\FileHandler' driver.
ERROR - 2023-05-22 07:40:49 --> mysqli_sql_exception: Duplicate entry '12345678Z' for key 'PRIMARY' in C:\xampp\htdocs\codeigniter4_hola_mundo\system\Database\MySQLi\Connection.php:295
Stack trace:
#0 C:\xampp\htdocs\codeigniter4_hola_mundo\system\Database\MySQLi\Connection.php(295): mysqli->query('INSERT INTO `in...', 0)
#1 C:\xampp\htdocs\codeigniter4_hola_mundo\system\Database\BaseConnection.php(692): CodeIgniter\Database\MySQLi\Connection->execute('INSERT INTO `in...')
#2 C:\xampp\htdocs\codeigniter4_hola_mundo\system\Database\BaseConnection.php(606): CodeIgniter\Database\BaseConnection->simpleQuery('INSERT INTO `in...')
#3 C:\xampp\htdocs\codeigniter4_hola_mundo\system\Database\BaseBuilder.php(2309): CodeIgniter\Database\BaseConnection->query('INSERT INTO `in...', Array, false)
#4 C:\xampp\htdocs\codeigniter4_hola_mundo\system\Model.php(330): CodeIgniter\Database\BaseBuilder->insert()
#5 C:\xampp\htdocs\codeigniter4_hola_mundo\system\BaseModel.php(782): CodeIgniter\Model->doInsert(Array)
#6 C:\xampp\htdocs\codeigniter4_hola_mundo\system\Model.php(730): CodeIgniter\BaseModel->insert(Array, true)
#7 C:\xampp\htdocs\codeigniter4_hola_mundo\app\Controllers\ControllerInvestigadores.php(57): CodeIgniter\Model->insert(Array)
#8 C:\xampp\htdocs\codeigniter4_hola_mundo\system\CodeIgniter.php(934): App\Controllers\ControllerInvestigadores->save()
#9 C:\xampp\htdocs\codeigniter4_hola_mundo\system\CodeIgniter.php(499): CodeIgniter\CodeIgniter->runController(Object(App\Controllers\ControllerInvestigadores))
#10 C:\xampp\htdocs\codeigniter4_hola_mundo\system\CodeIgniter.php(368): CodeIgniter\CodeIgniter->handleRequest(NULL, Object(Config\Cache), false)
#11 C:\xampp\htdocs\codeigniter4_hola_mundo\index.php(68): CodeIgniter\CodeIgniter->run()
#12 {main}
CRITICAL - 2023-05-22 07:40:49 --> Duplicate entry '12345678Z' for key 'PRIMARY'
in SYSTEMPATH\Database\MySQLi\Connection.php on line 295.
 1 SYSTEMPATH\Database\MySQLi\Connection.php(295): mysqli->query('INSERT INTO `investigadores` (`DNI`, `NomInvestigador`, `ApellInvestigador`, `IdFacultad`) VALUES (\'12345678Z\', \'FRANCISCOs\', \'GARCIA AGUADO\', \'2\')', 0)
 2 SYSTEMPATH\Database\BaseConnection.php(692): CodeIgniter\Database\MySQLi\Connection->execute('INSERT INTO `investigadores` (`DNI`, `NomInvestigador`, `ApellInvestigador`, `IdFacultad`) VALUES (\'12345678Z\', \'FRANCISCOs\', \'GARCIA AGUADO\', \'2\')')
 3 SYSTEMPATH\Database\BaseConnection.php(606): CodeIgniter\Database\BaseConnection->simpleQuery('INSERT INTO `investigadores` (`DNI`, `NomInvestigador`, `ApellInvestigador`, `IdFacultad`) VALUES (\'12345678Z\', \'FRANCISCOs\', \'GARCIA AGUADO\', \'2\')')
 4 SYSTEMPATH\Database\BaseBuilder.php(2309): CodeIgniter\Database\BaseConnection->query('INSERT INTO `investigadores` (`DNI`, `NomInvestigador`, `ApellInvestigador`, `IdFacultad`) VALUES (:DNI:, :NomInvestigador:, :ApellInvestigador:, :IdFacultad:)', [...], false)
 5 SYSTEMPATH\Model.php(330): CodeIgniter\Database\BaseBuilder->insert()
 6 SYSTEMPATH\BaseModel.php(782): CodeIgniter\Model->doInsert([...])
 7 SYSTEMPATH\Model.php(730): CodeIgniter\BaseModel->insert([...], true)
 8 APPPATH\Controllers\ControllerInvestigadores.php(57): CodeIgniter\Model->insert([...])
 9 SYSTEMPATH\CodeIgniter.php(934): App\Controllers\ControllerInvestigadores->save()
10 SYSTEMPATH\CodeIgniter.php(499): CodeIgniter\CodeIgniter->runController(Object(App\Controllers\ControllerInvestigadores))
11 SYSTEMPATH\CodeIgniter.php(368): CodeIgniter\CodeIgniter->handleRequest(null, Object(Config\Cache), false)
12 FCPATH\index.php(68): CodeIgniter\CodeIgniter->run()
INFO - 2023-05-22 07:40:59 --> Session: Class initialized using 'CodeIgniter\Session\Handlers\FileHandler' driver.
INFO - 2023-05-22 07:42:25 --> Session: Class initialized using 'CodeIgniter\Session\Handlers\FileHandler' driver.
INFO - 2023-05-22 08:41:04 --> Session: Class initialized using 'CodeIgniter\Session\Handlers\FileHandler' driver.
INFO - 2023-05-22 08:41:07 --> Session: Class initialized using 'CodeIgniter\Session\Handlers\FileHandler' driver.
INFO - 2023-05-22 08:41:09 --> Session: Class initialized using 'CodeIgniter\Session\Handlers\FileHandler' driver.
INFO - 2023-05-22 08:41:13 --> Session: Class initialized using 'CodeIgniter\Session\Handlers\FileHandler' driver.
INFO - 2023-05-22 08:41:13 --> Session: Class initialized using 'CodeIgniter\Session\Handlers\FileHandler' driver.
INFO - 2023-05-22 08:41:17 --> Session: Class initialized using 'CodeIgniter\Session\Handlers\FileHandler' driver.
INFO - 2023-05-22 08:41:21 --> Session: Class initialized using 'CodeIgniter\Session\Handlers\FileHandler' driver.
INFO - 2023-05-22 08:41:22 --> Session: Class initialized using 'CodeIgniter\Session\Handlers\FileHandler' driver.
INFO - 2023-05-22 08:41:26 --> Session: Class initialized using 'CodeIgniter\Session\Handlers\FileHandler' driver.
INFO - 2023-05-22 08:41:29 --> Session: Class initialized using 'CodeIgniter\Session\Handlers\FileHandler' driver.
INFO - 2023-05-22 08:41:29 --> Session: Class initialized using 'CodeIgniter\Session\Handlers\FileHandler' driver.
INFO - 2023-05-22 08:58:31 --> Session: Class initialized using 'CodeIgniter\Session\Handlers\FileHandler' driver.
INFO - 2023-05-22 08:58:43 --> Session: Class initialized using 'CodeIgniter\Session\Handlers\FileHandler' driver.
INFO - 2023-05-22 08:58:57 --> Session: Class initialized using 'CodeIgniter\Session\Handlers\FileHandler' driver.
