CRITICAL - 2023-05-16 07:19:38 --> view(): Argument #2 ($data) must be of type array, string given, called in C:\xamp\htdocs\codeigniter4_hola_mundo\app\Controllers\Home.php on line 10
in SYSTEMPATH\Common.php on line 1172.
 1 APPPATH\Controllers\Home.php(10): view('welcome_message', 'Fermín')
 2 SYSTEMPATH\CodeIgniter.php(934): App\Controllers\Home->index()
 3 SYSTEMPATH\CodeIgniter.php(499): CodeIgniter\CodeIgniter->runController(Object(App\Controllers\Home))
 4 SYSTEMPATH\CodeIgniter.php(368): CodeIgniter\CodeIgniter->handleRequest(null, Object(Config\Cache), false)
 5 FCPATH\index.php(68): CodeIgniter\CodeIgniter->run()
CRITICAL - 2023-05-16 08:43:16 --> syntax error, unexpected string content "portada/cabecera.php);"
in APPPATH\Controllers\controller_portada.php on line 12.
 1 SYSTEMPATH\Autoloader\Autoloader.php(289): CodeIgniter\Autoloader\Autoloader->includeFile('C:\\xamp\\htdocs\\codeigniter4_hola_mundo\\app\\Controllers\\controller_portada.php')
 2 SYSTEMPATH\Autoloader\Autoloader.php(267): CodeIgniter\Autoloader\Autoloader->loadInNamespace('App\\Controllers\\controller_portada')
 3 [internal function]: CodeIgniter\Autoloader\Autoloader->loadClass('App\\Controllers\\controller_portada')
 4 SYSTEMPATH\CodeIgniter.php(892): class_exists('\\App\\Controllers\\controller_portada', true)
 5 SYSTEMPATH\CodeIgniter.php(486): CodeIgniter\CodeIgniter->startController()
 6 SYSTEMPATH\CodeIgniter.php(368): CodeIgniter\CodeIgniter->handleRequest(null, Object(Config\Cache), false)
 7 FCPATH\index.php(68): CodeIgniter\CodeIgniter->run()
CRITICAL - 2023-05-16 08:49:29 --> syntax error, unexpected token "return"
in APPPATH\Controllers\controller_portada.php on line 10.
 1 SYSTEMPATH\Autoloader\Autoloader.php(289): CodeIgniter\Autoloader\Autoloader->includeFile('C:\\xamp\\htdocs\\codeigniter4_hola_mundo\\app\\Controllers\\controller_portada.php')
 2 SYSTEMPATH\Autoloader\Autoloader.php(267): CodeIgniter\Autoloader\Autoloader->loadInNamespace('App\\Controllers\\controller_portada')
 3 [internal function]: CodeIgniter\Autoloader\Autoloader->loadClass('App\\Controllers\\controller_portada')
 4 SYSTEMPATH\CodeIgniter.php(892): class_exists('\\App\\Controllers\\controller_portada', true)
 5 SYSTEMPATH\CodeIgniter.php(486): CodeIgniter\CodeIgniter->startController()
 6 SYSTEMPATH\CodeIgniter.php(368): CodeIgniter\CodeIgniter->handleRequest(null, Object(Config\Cache), false)
 7 FCPATH\index.php(68): CodeIgniter\CodeIgniter->run()
CRITICAL - 2023-05-16 08:49:58 --> syntax error, unexpected token "return"
in APPPATH\Controllers\controller_portada.php on line 10.
 1 SYSTEMPATH\Autoloader\Autoloader.php(289): CodeIgniter\Autoloader\Autoloader->includeFile('C:\\xamp\\htdocs\\codeigniter4_hola_mundo\\app\\Controllers\\controller_portada.php')
 2 SYSTEMPATH\Autoloader\Autoloader.php(267): CodeIgniter\Autoloader\Autoloader->loadInNamespace('App\\Controllers\\controller_portada')
 3 [internal function]: CodeIgniter\Autoloader\Autoloader->loadClass('App\\Controllers\\controller_portada')
 4 SYSTEMPATH\CodeIgniter.php(892): class_exists('\\App\\Controllers\\controller_portada', true)
 5 SYSTEMPATH\CodeIgniter.php(486): CodeIgniter\CodeIgniter->startController()
 6 SYSTEMPATH\CodeIgniter.php(368): CodeIgniter\CodeIgniter->handleRequest(null, Object(Config\Cache), false)
 7 FCPATH\index.php(68): CodeIgniter\CodeIgniter->run()
CRITICAL - 2023-05-16 08:49:59 --> syntax error, unexpected token "return"
in APPPATH\Controllers\controller_portada.php on line 10.
 1 SYSTEMPATH\Autoloader\Autoloader.php(289): CodeIgniter\Autoloader\Autoloader->includeFile('C:\\xamp\\htdocs\\codeigniter4_hola_mundo\\app\\Controllers\\controller_portada.php')
 2 SYSTEMPATH\Autoloader\Autoloader.php(267): CodeIgniter\Autoloader\Autoloader->loadInNamespace('App\\Controllers\\controller_portada')
 3 [internal function]: CodeIgniter\Autoloader\Autoloader->loadClass('App\\Controllers\\controller_portada')
 4 SYSTEMPATH\CodeIgniter.php(892): class_exists('\\App\\Controllers\\controller_portada', true)
 5 SYSTEMPATH\CodeIgniter.php(486): CodeIgniter\CodeIgniter->startController()
 6 SYSTEMPATH\CodeIgniter.php(368): CodeIgniter\CodeIgniter->handleRequest(null, Object(Config\Cache), false)
 7 FCPATH\index.php(68): CodeIgniter\CodeIgniter->run()
CRITICAL - 2023-05-16 10:44:00 --> syntax error, unexpected token "}"
in APPPATH\Controllers\controllerinvestigadores.php on line 11.
 1 SYSTEMPATH\Autoloader\Autoloader.php(289): CodeIgniter\Autoloader\Autoloader->includeFile('C:\\xamp\\htdocs\\codeigniter4_hola_mundo\\app\\Controllers\\controllerinvestigadores.php')
 2 SYSTEMPATH\Autoloader\Autoloader.php(267): CodeIgniter\Autoloader\Autoloader->loadInNamespace('App\\Controllers\\controllerinvestigadores')
 3 [internal function]: CodeIgniter\Autoloader\Autoloader->loadClass('App\\Controllers\\controllerinvestigadores')
 4 SYSTEMPATH\CodeIgniter.php(892): class_exists('\\App\\Controllers\\controllerinvestigadores', true)
 5 SYSTEMPATH\CodeIgniter.php(486): CodeIgniter\CodeIgniter->startController()
 6 SYSTEMPATH\CodeIgniter.php(368): CodeIgniter\CodeIgniter->handleRequest(null, Object(Config\Cache), false)
 7 FCPATH\index.php(68): CodeIgniter\CodeIgniter->run()
CRITICAL - 2023-05-16 10:44:17 --> syntax error, unexpected token "}"
in APPPATH\Controllers\controllerinvestigadores.php on line 11.
 1 SYSTEMPATH\Autoloader\Autoloader.php(289): CodeIgniter\Autoloader\Autoloader->includeFile('C:\\xamp\\htdocs\\codeigniter4_hola_mundo\\app\\Controllers\\controllerinvestigadores.php')
 2 SYSTEMPATH\Autoloader\Autoloader.php(267): CodeIgniter\Autoloader\Autoloader->loadInNamespace('App\\Controllers\\controllerinvestigadores')
 3 [internal function]: CodeIgniter\Autoloader\Autoloader->loadClass('App\\Controllers\\controllerinvestigadores')
 4 SYSTEMPATH\CodeIgniter.php(892): class_exists('\\App\\Controllers\\controllerinvestigadores', true)
 5 SYSTEMPATH\CodeIgniter.php(486): CodeIgniter\CodeIgniter->startController()
 6 SYSTEMPATH\CodeIgniter.php(368): CodeIgniter\CodeIgniter->handleRequest(null, Object(Config\Cache), false)
 7 FCPATH\index.php(68): CodeIgniter\CodeIgniter->run()
CRITICAL - 2023-05-16 10:44:18 --> syntax error, unexpected token "}"
in APPPATH\Controllers\controllerinvestigadores.php on line 11.
 1 SYSTEMPATH\Autoloader\Autoloader.php(289): CodeIgniter\Autoloader\Autoloader->includeFile('C:\\xamp\\htdocs\\codeigniter4_hola_mundo\\app\\Controllers\\controllerinvestigadores.php')
 2 SYSTEMPATH\Autoloader\Autoloader.php(267): CodeIgniter\Autoloader\Autoloader->loadInNamespace('App\\Controllers\\controllerinvestigadores')
 3 [internal function]: CodeIgniter\Autoloader\Autoloader->loadClass('App\\Controllers\\controllerinvestigadores')
 4 SYSTEMPATH\CodeIgniter.php(892): class_exists('\\App\\Controllers\\controllerinvestigadores', true)
 5 SYSTEMPATH\CodeIgniter.php(486): CodeIgniter\CodeIgniter->startController()
 6 SYSTEMPATH\CodeIgniter.php(368): CodeIgniter\CodeIgniter->handleRequest(null, Object(Config\Cache), false)
 7 FCPATH\index.php(68): CodeIgniter\CodeIgniter->run()
CRITICAL - 2023-05-16 10:45:53 --> syntax error, unexpected token "}"
in APPPATH\Controllers\controllerinvestigadores.php on line 11.
 1 SYSTEMPATH\Autoloader\Autoloader.php(289): CodeIgniter\Autoloader\Autoloader->includeFile('C:\\xamp\\htdocs\\codeigniter4_hola_mundo\\app\\Controllers\\controllerinvestigadores.php')
 2 SYSTEMPATH\Autoloader\Autoloader.php(267): CodeIgniter\Autoloader\Autoloader->loadInNamespace('App\\Controllers\\controllerinvestigadores')
 3 [internal function]: CodeIgniter\Autoloader\Autoloader->loadClass('App\\Controllers\\controllerinvestigadores')
 4 SYSTEMPATH\CodeIgniter.php(892): class_exists('\\App\\Controllers\\controllerinvestigadores', true)
 5 SYSTEMPATH\CodeIgniter.php(486): CodeIgniter\CodeIgniter->startController()
 6 SYSTEMPATH\CodeIgniter.php(368): CodeIgniter\CodeIgniter->handleRequest(null, Object(Config\Cache), false)
 7 FCPATH\index.php(68): CodeIgniter\CodeIgniter->run()
CRITICAL - 2023-05-16 10:49:11 --> syntax error, unexpected token "}"
in APPPATH\Controllers\ControllerInvestigadores.php on line 11.
 1 SYSTEMPATH\Autoloader\Autoloader.php(289): CodeIgniter\Autoloader\Autoloader->includeFile('C:\\xamp\\htdocs\\codeigniter4_hola_mundo\\app\\Controllers\\ControllerInvestigadores.php')
 2 SYSTEMPATH\Autoloader\Autoloader.php(267): CodeIgniter\Autoloader\Autoloader->loadInNamespace('App\\Controllers\\ControllerInvestigadores')
 3 [internal function]: CodeIgniter\Autoloader\Autoloader->loadClass('App\\Controllers\\ControllerInvestigadores')
 4 SYSTEMPATH\CodeIgniter.php(892): class_exists('\\App\\Controllers\\ControllerInvestigadores', true)
 5 SYSTEMPATH\CodeIgniter.php(486): CodeIgniter\CodeIgniter->startController()
 6 SYSTEMPATH\CodeIgniter.php(368): CodeIgniter\CodeIgniter->handleRequest(null, Object(Config\Cache), false)
 7 FCPATH\index.php(68): CodeIgniter\CodeIgniter->run()
CRITICAL - 2023-05-16 10:49:15 --> syntax error, unexpected token "}"
in APPPATH\Controllers\ControllerInvestigadores.php on line 11.
 1 SYSTEMPATH\Autoloader\Autoloader.php(289): CodeIgniter\Autoloader\Autoloader->includeFile('C:\\xamp\\htdocs\\codeigniter4_hola_mundo\\app\\Controllers\\ControllerInvestigadores.php')
 2 SYSTEMPATH\Autoloader\Autoloader.php(267): CodeIgniter\Autoloader\Autoloader->loadInNamespace('App\\Controllers\\ControllerInvestigadores')
 3 [internal function]: CodeIgniter\Autoloader\Autoloader->loadClass('App\\Controllers\\ControllerInvestigadores')
 4 SYSTEMPATH\CodeIgniter.php(892): class_exists('\\App\\Controllers\\ControllerInvestigadores', true)
 5 SYSTEMPATH\CodeIgniter.php(486): CodeIgniter\CodeIgniter->startController()
 6 SYSTEMPATH\CodeIgniter.php(368): CodeIgniter\CodeIgniter->handleRequest(null, Object(Config\Cache), false)
 7 FCPATH\index.php(68): CodeIgniter\CodeIgniter->run()
CRITICAL - 2023-05-16 10:49:17 --> syntax error, unexpected token "}"
in APPPATH\Controllers\ControllerInvestigadores.php on line 11.
 1 SYSTEMPATH\Autoloader\Autoloader.php(289): CodeIgniter\Autoloader\Autoloader->includeFile('C:\\xamp\\htdocs\\codeigniter4_hola_mundo\\app\\Controllers\\ControllerInvestigadores.php')
 2 SYSTEMPATH\Autoloader\Autoloader.php(267): CodeIgniter\Autoloader\Autoloader->loadInNamespace('App\\Controllers\\ControllerInvestigadores')
 3 [internal function]: CodeIgniter\Autoloader\Autoloader->loadClass('App\\Controllers\\ControllerInvestigadores')
 4 SYSTEMPATH\CodeIgniter.php(892): class_exists('\\App\\Controllers\\ControllerInvestigadores', true)
 5 SYSTEMPATH\CodeIgniter.php(486): CodeIgniter\CodeIgniter->startController()
 6 SYSTEMPATH\CodeIgniter.php(368): CodeIgniter\CodeIgniter->handleRequest(null, Object(Config\Cache), false)
 7 FCPATH\index.php(68): CodeIgniter\CodeIgniter->run()
CRITICAL - 2023-05-16 10:49:47 --> syntax error, unexpected token "}"
in APPPATH\Controllers\ControllerInvestigadores.php on line 11.
 1 SYSTEMPATH\Autoloader\Autoloader.php(289): CodeIgniter\Autoloader\Autoloader->includeFile('C:\\xamp\\htdocs\\codeigniter4_hola_mundo\\app\\Controllers\\ControllerInvestigadores.php')
 2 SYSTEMPATH\Autoloader\Autoloader.php(267): CodeIgniter\Autoloader\Autoloader->loadInNamespace('App\\Controllers\\ControllerInvestigadores')
 3 [internal function]: CodeIgniter\Autoloader\Autoloader->loadClass('App\\Controllers\\ControllerInvestigadores')
 4 SYSTEMPATH\CodeIgniter.php(892): class_exists('\\App\\Controllers\\ControllerInvestigadores', true)
 5 SYSTEMPATH\CodeIgniter.php(486): CodeIgniter\CodeIgniter->startController()
 6 SYSTEMPATH\CodeIgniter.php(368): CodeIgniter\CodeIgniter->handleRequest(null, Object(Config\Cache), false)
 7 FCPATH\index.php(68): CodeIgniter\CodeIgniter->run()
CRITICAL - 2023-05-16 10:50:03 --> syntax error, unexpected token "}", expecting ";"
in APPPATH\Controllers\ControllerInvestigadores.php on line 11.
 1 SYSTEMPATH\Autoloader\Autoloader.php(289): CodeIgniter\Autoloader\Autoloader->includeFile('C:\\xamp\\htdocs\\codeigniter4_hola_mundo\\app\\Controllers\\ControllerInvestigadores.php')
 2 SYSTEMPATH\Autoloader\Autoloader.php(267): CodeIgniter\Autoloader\Autoloader->loadInNamespace('App\\Controllers\\ControllerInvestigadores')
 3 [internal function]: CodeIgniter\Autoloader\Autoloader->loadClass('App\\Controllers\\ControllerInvestigadores')
 4 SYSTEMPATH\CodeIgniter.php(892): class_exists('\\App\\Controllers\\ControllerInvestigadores', true)
 5 SYSTEMPATH\CodeIgniter.php(486): CodeIgniter\CodeIgniter->startController()
 6 SYSTEMPATH\CodeIgniter.php(368): CodeIgniter\CodeIgniter->handleRequest(null, Object(Config\Cache), false)
 7 FCPATH\index.php(68): CodeIgniter\CodeIgniter->run()
CRITICAL - 2023-05-16 11:00:44 --> syntax error, unexpected identifier "view", expecting ";"
in APPPATH\Controllers\ControllerInvestigadores.php on line 10.
 1 SYSTEMPATH\Autoloader\Autoloader.php(289): CodeIgniter\Autoloader\Autoloader->includeFile('C:\\xamp\\htdocs\\codeigniter4_hola_mundo\\app\\Controllers\\ControllerInvestigadores.php')
 2 SYSTEMPATH\Autoloader\Autoloader.php(267): CodeIgniter\Autoloader\Autoloader->loadInNamespace('App\\Controllers\\ControllerInvestigadores')
 3 [internal function]: CodeIgniter\Autoloader\Autoloader->loadClass('App\\Controllers\\ControllerInvestigadores')
 4 SYSTEMPATH\CodeIgniter.php(892): class_exists('\\App\\Controllers\\ControllerInvestigadores', true)
 5 SYSTEMPATH\CodeIgniter.php(486): CodeIgniter\CodeIgniter->startController()
 6 SYSTEMPATH\CodeIgniter.php(368): CodeIgniter\CodeIgniter->handleRequest(null, Object(Config\Cache), false)
 7 FCPATH\index.php(68): CodeIgniter\CodeIgniter->run()
CRITICAL - 2023-05-16 11:01:15 --> syntax error, unexpected identifier "view", expecting ";"
in APPPATH\Controllers\ControllerInvestigadores.php on line 10.
 1 SYSTEMPATH\Autoloader\Autoloader.php(289): CodeIgniter\Autoloader\Autoloader->includeFile('C:\\xamp\\htdocs\\codeigniter4_hola_mundo\\app\\Controllers\\ControllerInvestigadores.php')
 2 SYSTEMPATH\Autoloader\Autoloader.php(267): CodeIgniter\Autoloader\Autoloader->loadInNamespace('App\\Controllers\\ControllerInvestigadores')
 3 [internal function]: CodeIgniter\Autoloader\Autoloader->loadClass('App\\Controllers\\ControllerInvestigadores')
 4 SYSTEMPATH\CodeIgniter.php(892): class_exists('\\App\\Controllers\\ControllerInvestigadores', true)
 5 SYSTEMPATH\CodeIgniter.php(486): CodeIgniter\CodeIgniter->startController()
 6 SYSTEMPATH\CodeIgniter.php(368): CodeIgniter\CodeIgniter->handleRequest(null, Object(Config\Cache), false)
 7 FCPATH\index.php(68): CodeIgniter\CodeIgniter->run()
CRITICAL - 2023-05-16 11:01:51 --> syntax error, unexpected identifier "view", expecting ";"
in APPPATH\Controllers\ControllerInvestigadores.php on line 10.
 1 SYSTEMPATH\Autoloader\Autoloader.php(289): CodeIgniter\Autoloader\Autoloader->includeFile('C:\\xamp\\htdocs\\codeigniter4_hola_mundo\\app\\Controllers\\ControllerInvestigadores.php')
 2 SYSTEMPATH\Autoloader\Autoloader.php(267): CodeIgniter\Autoloader\Autoloader->loadInNamespace('App\\Controllers\\ControllerInvestigadores')
 3 [internal function]: CodeIgniter\Autoloader\Autoloader->loadClass('App\\Controllers\\ControllerInvestigadores')
 4 SYSTEMPATH\CodeIgniter.php(892): class_exists('\\App\\Controllers\\ControllerInvestigadores', true)
 5 SYSTEMPATH\CodeIgniter.php(486): CodeIgniter\CodeIgniter->startController()
 6 SYSTEMPATH\CodeIgniter.php(368): CodeIgniter\CodeIgniter->handleRequest(null, Object(Config\Cache), false)
 7 FCPATH\index.php(68): CodeIgniter\CodeIgniter->run()
CRITICAL - 2023-05-16 11:02:36 --> syntax error, unexpected identifier "view", expecting ";"
in APPPATH\Controllers\ControllerInvestigadores.php on line 10.
 1 SYSTEMPATH\Autoloader\Autoloader.php(289): CodeIgniter\Autoloader\Autoloader->includeFile('C:\\xamp\\htdocs\\codeigniter4_hola_mundo\\app\\Controllers\\ControllerInvestigadores.php')
 2 SYSTEMPATH\Autoloader\Autoloader.php(267): CodeIgniter\Autoloader\Autoloader->loadInNamespace('App\\Controllers\\ControllerInvestigadores')
 3 [internal function]: CodeIgniter\Autoloader\Autoloader->loadClass('App\\Controllers\\ControllerInvestigadores')
 4 SYSTEMPATH\CodeIgniter.php(892): class_exists('\\App\\Controllers\\ControllerInvestigadores', true)
 5 SYSTEMPATH\CodeIgniter.php(486): CodeIgniter\CodeIgniter->startController()
 6 SYSTEMPATH\CodeIgniter.php(368): CodeIgniter\CodeIgniter->handleRequest(null, Object(Config\Cache), false)
 7 FCPATH\index.php(68): CodeIgniter\CodeIgniter->run()
CRITICAL - 2023-05-16 11:02:37 --> syntax error, unexpected identifier "view", expecting ";"
in APPPATH\Controllers\ControllerInvestigadores.php on line 10.
 1 SYSTEMPATH\Autoloader\Autoloader.php(289): CodeIgniter\Autoloader\Autoloader->includeFile('C:\\xamp\\htdocs\\codeigniter4_hola_mundo\\app\\Controllers\\ControllerInvestigadores.php')
 2 SYSTEMPATH\Autoloader\Autoloader.php(267): CodeIgniter\Autoloader\Autoloader->loadInNamespace('App\\Controllers\\ControllerInvestigadores')
 3 [internal function]: CodeIgniter\Autoloader\Autoloader->loadClass('App\\Controllers\\ControllerInvestigadores')
 4 SYSTEMPATH\CodeIgniter.php(892): class_exists('\\App\\Controllers\\ControllerInvestigadores', true)
 5 SYSTEMPATH\CodeIgniter.php(486): CodeIgniter\CodeIgniter->startController()
 6 SYSTEMPATH\CodeIgniter.php(368): CodeIgniter\CodeIgniter->handleRequest(null, Object(Config\Cache), false)
 7 FCPATH\index.php(68): CodeIgniter\CodeIgniter->run()
CRITICAL - 2023-05-16 11:03:07 --> syntax error, unexpected identifier "view", expecting ";"
in APPPATH\Controllers\ControllerInvestigadores.php on line 10.
 1 SYSTEMPATH\Autoloader\Autoloader.php(289): CodeIgniter\Autoloader\Autoloader->includeFile('C:\\xamp\\htdocs\\codeigniter4_hola_mundo\\app\\Controllers\\ControllerInvestigadores.php')
 2 SYSTEMPATH\Autoloader\Autoloader.php(267): CodeIgniter\Autoloader\Autoloader->loadInNamespace('App\\Controllers\\ControllerInvestigadores')
 3 [internal function]: CodeIgniter\Autoloader\Autoloader->loadClass('App\\Controllers\\ControllerInvestigadores')
 4 SYSTEMPATH\CodeIgniter.php(892): class_exists('\\App\\Controllers\\ControllerInvestigadores', true)
 5 SYSTEMPATH\CodeIgniter.php(486): CodeIgniter\CodeIgniter->startController()
 6 SYSTEMPATH\CodeIgniter.php(368): CodeIgniter\CodeIgniter->handleRequest(null, Object(Config\Cache), false)
 7 FCPATH\index.php(68): CodeIgniter\CodeIgniter->run()
CRITICAL - 2023-05-16 11:03:09 --> syntax error, unexpected identifier "view", expecting ";"
in APPPATH\Controllers\ControllerInvestigadores.php on line 10.
 1 SYSTEMPATH\Autoloader\Autoloader.php(289): CodeIgniter\Autoloader\Autoloader->includeFile('C:\\xamp\\htdocs\\codeigniter4_hola_mundo\\app\\Controllers\\ControllerInvestigadores.php')
 2 SYSTEMPATH\Autoloader\Autoloader.php(267): CodeIgniter\Autoloader\Autoloader->loadInNamespace('App\\Controllers\\ControllerInvestigadores')
 3 [internal function]: CodeIgniter\Autoloader\Autoloader->loadClass('App\\Controllers\\ControllerInvestigadores')
 4 SYSTEMPATH\CodeIgniter.php(892): class_exists('\\App\\Controllers\\ControllerInvestigadores', true)
 5 SYSTEMPATH\CodeIgniter.php(486): CodeIgniter\CodeIgniter->startController()
 6 SYSTEMPATH\CodeIgniter.php(368): CodeIgniter\CodeIgniter->handleRequest(null, Object(Config\Cache), false)
 7 FCPATH\index.php(68): CodeIgniter\CodeIgniter->run()
CRITICAL - 2023-05-16 11:03:10 --> syntax error, unexpected identifier "view", expecting ";"
in APPPATH\Controllers\ControllerInvestigadores.php on line 10.
 1 SYSTEMPATH\Autoloader\Autoloader.php(289): CodeIgniter\Autoloader\Autoloader->includeFile('C:\\xamp\\htdocs\\codeigniter4_hola_mundo\\app\\Controllers\\ControllerInvestigadores.php')
 2 SYSTEMPATH\Autoloader\Autoloader.php(267): CodeIgniter\Autoloader\Autoloader->loadInNamespace('App\\Controllers\\ControllerInvestigadores')
 3 [internal function]: CodeIgniter\Autoloader\Autoloader->loadClass('App\\Controllers\\ControllerInvestigadores')
 4 SYSTEMPATH\CodeIgniter.php(892): class_exists('\\App\\Controllers\\ControllerInvestigadores', true)
 5 SYSTEMPATH\CodeIgniter.php(486): CodeIgniter\CodeIgniter->startController()
 6 SYSTEMPATH\CodeIgniter.php(368): CodeIgniter\CodeIgniter->handleRequest(null, Object(Config\Cache), false)
 7 FCPATH\index.php(68): CodeIgniter\CodeIgniter->run()
CRITICAL - 2023-05-16 11:03:46 --> syntax error, unexpected identifier "view", expecting ";"
in APPPATH\Controllers\ControllerInvestigadores.php on line 10.
 1 SYSTEMPATH\Autoloader\Autoloader.php(289): CodeIgniter\Autoloader\Autoloader->includeFile('C:\\xamp\\htdocs\\codeigniter4_hola_mundo\\app\\Controllers\\ControllerInvestigadores.php')
 2 SYSTEMPATH\Autoloader\Autoloader.php(267): CodeIgniter\Autoloader\Autoloader->loadInNamespace('App\\Controllers\\ControllerInvestigadores')
 3 [internal function]: CodeIgniter\Autoloader\Autoloader->loadClass('App\\Controllers\\ControllerInvestigadores')
 4 SYSTEMPATH\CodeIgniter.php(892): class_exists('\\App\\Controllers\\ControllerInvestigadores', true)
 5 SYSTEMPATH\CodeIgniter.php(486): CodeIgniter\CodeIgniter->startController()
 6 SYSTEMPATH\CodeIgniter.php(368): CodeIgniter\CodeIgniter->handleRequest(null, Object(Config\Cache), false)
 7 FCPATH\index.php(68): CodeIgniter\CodeIgniter->run()
CRITICAL - 2023-05-16 11:04:06 --> syntax error, unexpected identifier "view", expecting ";"
in APPPATH\Controllers\ControllerInvestigadores.php on line 10.
 1 SYSTEMPATH\Autoloader\Autoloader.php(289): CodeIgniter\Autoloader\Autoloader->includeFile('C:\\xamp\\htdocs\\codeigniter4_hola_mundo\\app\\Controllers\\ControllerInvestigadores.php')
 2 SYSTEMPATH\Autoloader\Autoloader.php(267): CodeIgniter\Autoloader\Autoloader->loadInNamespace('App\\Controllers\\ControllerInvestigadores')
 3 [internal function]: CodeIgniter\Autoloader\Autoloader->loadClass('App\\Controllers\\ControllerInvestigadores')
 4 SYSTEMPATH\CodeIgniter.php(892): class_exists('\\App\\Controllers\\ControllerInvestigadores', true)
 5 SYSTEMPATH\CodeIgniter.php(486): CodeIgniter\CodeIgniter->startController()
 6 SYSTEMPATH\CodeIgniter.php(368): CodeIgniter\CodeIgniter->handleRequest(null, Object(Config\Cache), false)
 7 FCPATH\index.php(68): CodeIgniter\CodeIgniter->run()
CRITICAL - 2023-05-16 11:05:22 --> syntax error, unexpected identifier "view", expecting ";"
in APPPATH\Controllers\ControllerInvestigadores.php on line 10.
 1 SYSTEMPATH\Autoloader\Autoloader.php(289): CodeIgniter\Autoloader\Autoloader->includeFile('C:\\xamp\\htdocs\\codeigniter4_hola_mundo\\app\\Controllers\\ControllerInvestigadores.php')
 2 SYSTEMPATH\Autoloader\Autoloader.php(267): CodeIgniter\Autoloader\Autoloader->loadInNamespace('App\\Controllers\\ControllerInvestigadores')
 3 [internal function]: CodeIgniter\Autoloader\Autoloader->loadClass('App\\Controllers\\ControllerInvestigadores')
 4 SYSTEMPATH\CodeIgniter.php(892): class_exists('\\App\\Controllers\\ControllerInvestigadores', true)
 5 SYSTEMPATH\CodeIgniter.php(486): CodeIgniter\CodeIgniter->startController()
 6 SYSTEMPATH\CodeIgniter.php(368): CodeIgniter\CodeIgniter->handleRequest(null, Object(Config\Cache), false)
 7 FCPATH\index.php(68): CodeIgniter\CodeIgniter->run()
CRITICAL - 2023-05-16 11:05:23 --> syntax error, unexpected identifier "view", expecting ";"
in APPPATH\Controllers\ControllerInvestigadores.php on line 10.
 1 SYSTEMPATH\Autoloader\Autoloader.php(289): CodeIgniter\Autoloader\Autoloader->includeFile('C:\\xamp\\htdocs\\codeigniter4_hola_mundo\\app\\Controllers\\ControllerInvestigadores.php')
 2 SYSTEMPATH\Autoloader\Autoloader.php(267): CodeIgniter\Autoloader\Autoloader->loadInNamespace('App\\Controllers\\ControllerInvestigadores')
 3 [internal function]: CodeIgniter\Autoloader\Autoloader->loadClass('App\\Controllers\\ControllerInvestigadores')
 4 SYSTEMPATH\CodeIgniter.php(892): class_exists('\\App\\Controllers\\ControllerInvestigadores', true)
 5 SYSTEMPATH\CodeIgniter.php(486): CodeIgniter\CodeIgniter->startController()
 6 SYSTEMPATH\CodeIgniter.php(368): CodeIgniter\CodeIgniter->handleRequest(null, Object(Config\Cache), false)
 7 FCPATH\index.php(68): CodeIgniter\CodeIgniter->run()
CRITICAL - 2023-05-16 11:06:04 --> syntax error, unexpected identifier "view", expecting ";"
in APPPATH\Controllers\ControllerInvestigadores.php on line 10.
 1 SYSTEMPATH\Autoloader\Autoloader.php(289): CodeIgniter\Autoloader\Autoloader->includeFile('C:\\xamp\\htdocs\\codeigniter4_hola_mundo\\app\\Controllers\\ControllerInvestigadores.php')
 2 SYSTEMPATH\Autoloader\Autoloader.php(267): CodeIgniter\Autoloader\Autoloader->loadInNamespace('App\\Controllers\\ControllerInvestigadores')
 3 [internal function]: CodeIgniter\Autoloader\Autoloader->loadClass('App\\Controllers\\ControllerInvestigadores')
 4 SYSTEMPATH\CodeIgniter.php(892): class_exists('\\App\\Controllers\\ControllerInvestigadores', true)
 5 SYSTEMPATH\CodeIgniter.php(486): CodeIgniter\CodeIgniter->startController()
 6 SYSTEMPATH\CodeIgniter.php(368): CodeIgniter\CodeIgniter->handleRequest(null, Object(Config\Cache), false)
 7 FCPATH\index.php(68): CodeIgniter\CodeIgniter->run()
